mode: set
gitlab.ozon.dev/pircuser61/catalog/internal/pkg/transport/grpc/api.go:20.69,26.2 1 1
gitlab.ozon.dev/pircuser61/catalog/internal/pkg/transport/grpc/country_api.go:15.114,18.17 1 1
gitlab.ozon.dev/pircuser61/catalog/internal/pkg/transport/grpc/country_api.go:24.2,24.30 1 1
gitlab.ozon.dev/pircuser61/catalog/internal/pkg/transport/grpc/country_api.go:18.17,19.42 1 1
gitlab.ozon.dev/pircuser61/catalog/internal/pkg/transport/grpc/country_api.go:22.3,22.56 1 1
gitlab.ozon.dev/pircuser61/catalog/internal/pkg/transport/grpc/country_api.go:19.42,21.4 1 1
gitlab.ozon.dev/pircuser61/catalog/internal/pkg/transport/grpc/country_api.go:27.114,29.22 2 1
gitlab.ozon.dev/pircuser61/catalog/internal/pkg/transport/grpc/country_api.go:32.2,35.17 1 1
gitlab.ozon.dev/pircuser61/catalog/internal/pkg/transport/grpc/country_api.go:45.2,45.30 1 1
gitlab.ozon.dev/pircuser61/catalog/internal/pkg/transport/grpc/country_api.go:29.22,31.3 1 1
gitlab.ozon.dev/pircuser61/catalog/internal/pkg/transport/grpc/country_api.go:35.17,36.44 1 1
gitlab.ozon.dev/pircuser61/catalog/internal/pkg/transport/grpc/country_api.go:39.3,39.42 1 1
gitlab.ozon.dev/pircuser61/catalog/internal/pkg/transport/grpc/country_api.go:43.3,43.56 1 1
gitlab.ozon.dev/pircuser61/catalog/internal/pkg/transport/grpc/country_api.go:36.44,38.4 1 1
gitlab.ozon.dev/pircuser61/catalog/internal/pkg/transport/grpc/country_api.go:39.42,41.4 1 1
gitlab.ozon.dev/pircuser61/catalog/internal/pkg/transport/grpc/country_api.go:48.114,49.73 1 1
gitlab.ozon.dev/pircuser61/catalog/internal/pkg/transport/grpc/country_api.go:59.2,59.30 1 1
gitlab.ozon.dev/pircuser61/catalog/internal/pkg/transport/grpc/country_api.go:49.73,50.44 1 1
gitlab.ozon.dev/pircuser61/catalog/internal/pkg/transport/grpc/country_api.go:53.3,53.42 1 1
gitlab.ozon.dev/pircuser61/catalog/internal/pkg/transport/grpc/country_api.go:57.3,57.56 1 1
gitlab.ozon.dev/pircuser61/catalog/internal/pkg/transport/grpc/country_api.go:50.44,52.4 1 1
gitlab.ozon.dev/pircuser61/catalog/internal/pkg/transport/grpc/country_api.go:53.42,55.4 1 1
gitlab.ozon.dev/pircuser61/catalog/internal/pkg/transport/grpc/country_api.go:62.110,64.16 2 0
gitlab.ozon.dev/pircuser61/catalog/internal/pkg/transport/grpc/country_api.go:70.2,71.36 2 0
gitlab.ozon.dev/pircuser61/catalog/internal/pkg/transport/grpc/country_api.go:77.2,79.8 1 0
gitlab.ozon.dev/pircuser61/catalog/internal/pkg/transport/grpc/country_api.go:64.16,65.42 1 0
gitlab.ozon.dev/pircuser61/catalog/internal/pkg/transport/grpc/country_api.go:68.3,68.56 1 0
gitlab.ozon.dev/pircuser61/catalog/internal/pkg/transport/grpc/country_api.go:65.42,67.4 1 0
gitlab.ozon.dev/pircuser61/catalog/internal/pkg/transport/grpc/country_api.go:71.36,76.3 1 0
gitlab.ozon.dev/pircuser61/catalog/internal/pkg/transport/grpc/country_api.go:82.116,84.16 2 1
gitlab.ozon.dev/pircuser61/catalog/internal/pkg/transport/grpc/country_api.go:94.2,98.8 1 1
gitlab.ozon.dev/pircuser61/catalog/internal/pkg/transport/grpc/country_api.go:84.16,85.44 1 1
gitlab.ozon.dev/pircuser61/catalog/internal/pkg/transport/grpc/country_api.go:88.3,88.42 1 1
gitlab.ozon.dev/pircuser61/catalog/internal/pkg/transport/grpc/country_api.go:91.3,91.56 1 1
gitlab.ozon.dev/pircuser61/catalog/internal/pkg/transport/grpc/country_api.go:85.44,87.4 1 1
gitlab.ozon.dev/pircuser61/catalog/internal/pkg/transport/grpc/country_api.go:88.42,90.4 1 1
gitlab.ozon.dev/pircuser61/catalog/internal/pkg/transport/grpc/country_api.go:101.125,103.16 2 0
gitlab.ozon.dev/pircuser61/catalog/internal/pkg/transport/grpc/country_api.go:113.2,117.8 1 0
gitlab.ozon.dev/pircuser61/catalog/internal/pkg/transport/grpc/country_api.go:103.16,104.44 1 0
gitlab.ozon.dev/pircuser61/catalog/internal/pkg/transport/grpc/country_api.go:107.3,107.42 1 0
gitlab.ozon.dev/pircuser61/catalog/internal/pkg/transport/grpc/country_api.go:110.3,110.56 1 0
gitlab.ozon.dev/pircuser61/catalog/internal/pkg/transport/grpc/country_api.go:104.44,106.4 1 0
gitlab.ozon.dev/pircuser61/catalog/internal/pkg/transport/grpc/country_api.go:107.42,109.4 1 0
gitlab.ozon.dev/pircuser61/catalog/internal/pkg/transport/grpc/good_api.go:16.116,21.17 1 1
gitlab.ozon.dev/pircuser61/catalog/internal/pkg/transport/grpc/good_api.go:30.2,30.38 1 1
gitlab.ozon.dev/pircuser61/catalog/internal/pkg/transport/grpc/good_api.go:21.17,22.43 1 1
gitlab.ozon.dev/pircuser61/catalog/internal/pkg/transport/grpc/good_api.go:25.3,25.42 1 1
gitlab.ozon.dev/pircuser61/catalog/internal/pkg/transport/grpc/good_api.go:28.3,28.56 1 1
gitlab.ozon.dev/pircuser61/catalog/internal/pkg/transport/grpc/good_api.go:22.43,24.4 1 1
gitlab.ozon.dev/pircuser61/catalog/internal/pkg/transport/grpc/good_api.go:25.42,27.4 1 1
gitlab.ozon.dev/pircuser61/catalog/internal/pkg/transport/grpc/good_api.go:33.107,35.16 2 1
gitlab.ozon.dev/pircuser61/catalog/internal/pkg/transport/grpc/good_api.go:46.2,52.8 1 1
gitlab.ozon.dev/pircuser61/catalog/internal/pkg/transport/grpc/good_api.go:35.16,37.44 1 1
gitlab.ozon.dev/pircuser61/catalog/internal/pkg/transport/grpc/good_api.go:40.3,40.42 1 1
gitlab.ozon.dev/pircuser61/catalog/internal/pkg/transport/grpc/good_api.go:44.3,44.56 1 1
gitlab.ozon.dev/pircuser61/catalog/internal/pkg/transport/grpc/good_api.go:37.44,39.4 1 1
gitlab.ozon.dev/pircuser61/catalog/internal/pkg/transport/grpc/good_api.go:40.42,42.4 1 1
gitlab.ozon.dev/pircuser61/catalog/internal/pkg/transport/grpc/good_api.go:56.116,58.19 2 1
gitlab.ozon.dev/pircuser61/catalog/internal/pkg/transport/grpc/good_api.go:61.2,65.52 1 1
gitlab.ozon.dev/pircuser61/catalog/internal/pkg/transport/grpc/good_api.go:78.2,78.38 1 1
gitlab.ozon.dev/pircuser61/catalog/internal/pkg/transport/grpc/good_api.go:58.19,60.3 1 1
gitlab.ozon.dev/pircuser61/catalog/internal/pkg/transport/grpc/good_api.go:65.52,66.43 1 1
gitlab.ozon.dev/pircuser61/catalog/internal/pkg/transport/grpc/good_api.go:69.3,69.44 1 1
gitlab.ozon.dev/pircuser61/catalog/internal/pkg/transport/grpc/good_api.go:72.3,72.42 1 1
gitlab.ozon.dev/pircuser61/catalog/internal/pkg/transport/grpc/good_api.go:75.3,75.56 1 1
gitlab.ozon.dev/pircuser61/catalog/internal/pkg/transport/grpc/good_api.go:66.43,68.4 1 1
gitlab.ozon.dev/pircuser61/catalog/internal/pkg/transport/grpc/good_api.go:69.44,71.4 1 1
gitlab.ozon.dev/pircuser61/catalog/internal/pkg/transport/grpc/good_api.go:72.42,74.4 1 1
gitlab.ozon.dev/pircuser61/catalog/internal/pkg/transport/grpc/good_api.go:81.116,82.57 1 1
gitlab.ozon.dev/pircuser61/catalog/internal/pkg/transport/grpc/good_api.go:92.2,92.38 1 1
gitlab.ozon.dev/pircuser61/catalog/internal/pkg/transport/grpc/good_api.go:82.57,83.44 1 1
gitlab.ozon.dev/pircuser61/catalog/internal/pkg/transport/grpc/good_api.go:86.3,86.42 1 1
gitlab.ozon.dev/pircuser61/catalog/internal/pkg/transport/grpc/good_api.go:90.3,90.56 1 1
gitlab.ozon.dev/pircuser61/catalog/internal/pkg/transport/grpc/good_api.go:83.44,85.4 1 1
gitlab.ozon.dev/pircuser61/catalog/internal/pkg/transport/grpc/good_api.go:86.42,88.4 1 1
gitlab.ozon.dev/pircuser61/catalog/internal/pkg/transport/grpc/good_api.go:95.75,97.6 1 0
gitlab.ozon.dev/pircuser61/catalog/internal/pkg/transport/grpc/good_api.go:97.6,99.20 2 0
gitlab.ozon.dev/pircuser61/catalog/internal/pkg/transport/grpc/good_api.go:102.3,102.17 1 0
gitlab.ozon.dev/pircuser61/catalog/internal/pkg/transport/grpc/good_api.go:106.3,108.45 2 0
gitlab.ozon.dev/pircuser61/catalog/internal/pkg/transport/grpc/good_api.go:99.20,101.4 1 0
gitlab.ozon.dev/pircuser61/catalog/internal/pkg/transport/grpc/good_api.go:102.17,104.4 1 0
gitlab.ozon.dev/pircuser61/catalog/internal/pkg/transport/grpc/good_api.go:108.45,110.4 1 0
gitlab.ozon.dev/pircuser61/catalog/internal/pkg/transport/grpc/good_api.go:114.87,118.16 4 1
gitlab.ozon.dev/pircuser61/catalog/internal/pkg/transport/grpc/good_api.go:136.2,136.15 1 1
gitlab.ozon.dev/pircuser61/catalog/internal/pkg/transport/grpc/good_api.go:118.16,119.42 1 1
gitlab.ozon.dev/pircuser61/catalog/internal/pkg/transport/grpc/good_api.go:124.3,125.25 2 1
gitlab.ozon.dev/pircuser61/catalog/internal/pkg/transport/grpc/good_api.go:119.42,121.4 1 1
gitlab.ozon.dev/pircuser61/catalog/internal/pkg/transport/grpc/good_api.go:121.9,123.4 1 1
gitlab.ozon.dev/pircuser61/catalog/internal/pkg/transport/grpc/good_api.go:126.8,128.30 2 1
gitlab.ozon.dev/pircuser61/catalog/internal/pkg/transport/grpc/good_api.go:134.3,134.27 1 1
gitlab.ozon.dev/pircuser61/catalog/internal/pkg/transport/grpc/good_api.go:128.30,133.4 1 1
gitlab.ozon.dev/pircuser61/catalog/internal/pkg/transport/grpc/unit_of_measure_api.go:15.126,18.17 1 1
gitlab.ozon.dev/pircuser61/catalog/internal/pkg/transport/grpc/unit_of_measure_api.go:24.2,24.30 1 1
gitlab.ozon.dev/pircuser61/catalog/internal/pkg/transport/grpc/unit_of_measure_api.go:18.17,19.42 1 1
gitlab.ozon.dev/pircuser61/catalog/internal/pkg/transport/grpc/unit_of_measure_api.go:22.3,22.56 1 1
gitlab.ozon.dev/pircuser61/catalog/internal/pkg/transport/grpc/unit_of_measure_api.go:19.42,21.4 1 1
gitlab.ozon.dev/pircuser61/catalog/internal/pkg/transport/grpc/unit_of_measure_api.go:27.126,29.28 2 1
gitlab.ozon.dev/pircuser61/catalog/internal/pkg/transport/grpc/unit_of_measure_api.go:32.2,35.17 1 1
gitlab.ozon.dev/pircuser61/catalog/internal/pkg/transport/grpc/unit_of_measure_api.go:44.2,44.30 1 1
gitlab.ozon.dev/pircuser61/catalog/internal/pkg/transport/grpc/unit_of_measure_api.go:29.28,31.3 1 1
gitlab.ozon.dev/pircuser61/catalog/internal/pkg/transport/grpc/unit_of_measure_api.go:35.17,36.44 1 1
gitlab.ozon.dev/pircuser61/catalog/internal/pkg/transport/grpc/unit_of_measure_api.go:39.3,39.42 1 1
gitlab.ozon.dev/pircuser61/catalog/internal/pkg/transport/grpc/unit_of_measure_api.go:42.3,42.56 1 1
gitlab.ozon.dev/pircuser61/catalog/internal/pkg/transport/grpc/unit_of_measure_api.go:36.44,38.4 1 1
gitlab.ozon.dev/pircuser61/catalog/internal/pkg/transport/grpc/unit_of_measure_api.go:39.42,41.4 1 1
gitlab.ozon.dev/pircuser61/catalog/internal/pkg/transport/grpc/unit_of_measure_api.go:47.126,48.85 1 1
gitlab.ozon.dev/pircuser61/catalog/internal/pkg/transport/grpc/unit_of_measure_api.go:57.2,57.30 1 1
gitlab.ozon.dev/pircuser61/catalog/internal/pkg/transport/grpc/unit_of_measure_api.go:48.85,49.44 1 1
gitlab.ozon.dev/pircuser61/catalog/internal/pkg/transport/grpc/unit_of_measure_api.go:52.3,52.42 1 1
gitlab.ozon.dev/pircuser61/catalog/internal/pkg/transport/grpc/unit_of_measure_api.go:55.3,55.56 1 1
gitlab.ozon.dev/pircuser61/catalog/internal/pkg/transport/grpc/unit_of_measure_api.go:49.44,51.4 1 1
gitlab.ozon.dev/pircuser61/catalog/internal/pkg/transport/grpc/unit_of_measure_api.go:52.42,54.4 1 1
gitlab.ozon.dev/pircuser61/catalog/internal/pkg/transport/grpc/unit_of_measure_api.go:60.122,62.16 2 0
gitlab.ozon.dev/pircuser61/catalog/internal/pkg/transport/grpc/unit_of_measure_api.go:68.2,69.32 2 0
gitlab.ozon.dev/pircuser61/catalog/internal/pkg/transport/grpc/unit_of_measure_api.go:75.2,77.8 1 0
gitlab.ozon.dev/pircuser61/catalog/internal/pkg/transport/grpc/unit_of_measure_api.go:62.16,63.42 1 0
gitlab.ozon.dev/pircuser61/catalog/internal/pkg/transport/grpc/unit_of_measure_api.go:66.3,66.56 1 0
gitlab.ozon.dev/pircuser61/catalog/internal/pkg/transport/grpc/unit_of_measure_api.go:63.42,65.4 1 0
gitlab.ozon.dev/pircuser61/catalog/internal/pkg/transport/grpc/unit_of_measure_api.go:69.32,74.3 1 0
gitlab.ozon.dev/pircuser61/catalog/internal/pkg/transport/grpc/unit_of_measure_api.go:80.134,82.16 2 1
gitlab.ozon.dev/pircuser61/catalog/internal/pkg/transport/grpc/unit_of_measure_api.go:92.2,96.8 1 1
gitlab.ozon.dev/pircuser61/catalog/internal/pkg/transport/grpc/unit_of_measure_api.go:82.16,83.44 1 1
gitlab.ozon.dev/pircuser61/catalog/internal/pkg/transport/grpc/unit_of_measure_api.go:86.3,86.42 1 1
gitlab.ozon.dev/pircuser61/catalog/internal/pkg/transport/grpc/unit_of_measure_api.go:89.3,89.56 1 1
gitlab.ozon.dev/pircuser61/catalog/internal/pkg/transport/grpc/unit_of_measure_api.go:83.44,85.4 1 1
gitlab.ozon.dev/pircuser61/catalog/internal/pkg/transport/grpc/unit_of_measure_api.go:86.42,88.4 1 1
